
Start-Date: 2022-02-21  22:56:55
Commandline: apt-get install --reinstall adduser
Reinstall: adduser:amd64 (3.118ubuntu2)
End-Date: 2022-02-21  22:56:55

Start-Date: 2022-02-21  22:56:56
Commandline: apt-get install --reinstall apt
Reinstall: apt:amd64 (2.0.2)
End-Date: 2022-02-21  22:56:57

Start-Date: 2022-02-21  22:56:58
Commandline: apt-get install --reinstall base-files
Reinstall: base-files:amd64 (11ubuntu5)
End-Date: 2022-02-21  22:56:58

Start-Date: 2022-02-21  22:56:59
Commandline: apt-get install --reinstall base-passwd
Reinstall: base-passwd:amd64 (3.5.47)
End-Date: 2022-02-21  22:57:00

Start-Date: 2022-02-21  22:57:01
Commandline: apt-get install --reinstall bash
Reinstall: bash:amd64 (5.0-6ubuntu1)
End-Date: 2022-02-21  22:57:01

Start-Date: 2022-02-21  22:57:02
Commandline: apt-get install --reinstall bsdutils
Reinstall: bsdutils:amd64 (1:2.34-0.1ubuntu9)
End-Date: 2022-02-21  22:57:03

Start-Date: 2022-02-21  22:57:04
Commandline: apt-get install --reinstall bzip2
Reinstall: bzip2:amd64 (1.0.8-2)
End-Date: 2022-02-21  22:57:04

Start-Date: 2022-02-21  22:57:05
Commandline: apt-get install --reinstall coreutils
Reinstall: coreutils:amd64 (8.30-3ubuntu2)
End-Date: 2022-02-21  22:57:06

Start-Date: 2022-02-21  22:57:07
Commandline: apt-get install --reinstall dash
Reinstall: dash:amd64 (0.5.10.2-6)
End-Date: 2022-02-21  22:57:07

Start-Date: 2022-02-21  22:57:08
Commandline: apt-get install --reinstall debconf
Reinstall: debconf:amd64 (1.5.73)
End-Date: 2022-02-21  22:57:09

Start-Date: 2022-02-21  22:57:10
Commandline: apt-get install --reinstall debianutils
Reinstall: debianutils:amd64 (4.9.1)
End-Date: 2022-02-21  22:57:10

Start-Date: 2022-02-21  22:57:11
Commandline: apt-get install --reinstall diffutils
Reinstall: diffutils:amd64 (1:3.7-3)
End-Date: 2022-02-21  22:57:11

Start-Date: 2022-02-21  22:57:12
Commandline: apt-get install --reinstall dpkg
Reinstall: dpkg:amd64 (1.19.7ubuntu3)
End-Date: 2022-02-21  22:57:13

Start-Date: 2022-02-21  22:57:14
Commandline: apt-get install --reinstall e2fsprogs
Reinstall: e2fsprogs:amd64 (1.45.5-2ubuntu1)
End-Date: 2022-02-21  22:57:15

Start-Date: 2022-02-21  22:57:15
Commandline: apt-get install --reinstall fdisk
Reinstall: fdisk:amd64 (2.34-0.1ubuntu9)
End-Date: 2022-02-21  22:57:16

Start-Date: 2022-02-21  22:57:17
Commandline: apt-get install --reinstall findutils
Reinstall: findutils:amd64 (4.7.0-1ubuntu1)
End-Date: 2022-02-21  22:57:17

Start-Date: 2022-02-21  22:57:18
Commandline: apt-get install --reinstall gcc-10-base:amd64
Reinstall: gcc-10-base:amd64 (10-20200411-0ubuntu1)
End-Date: 2022-02-21  22:57:19

Start-Date: 2022-02-21  22:57:20
Commandline: apt-get install --reinstall gpgv
Reinstall: gpgv:amd64 (2.2.19-3ubuntu2)
End-Date: 2022-02-21  22:57:20

Start-Date: 2022-02-21  22:57:21
Commandline: apt-get install --reinstall grep
Reinstall: grep:amd64 (3.4-1)
End-Date: 2022-02-21  22:57:21

Start-Date: 2022-02-21  22:57:22
Commandline: apt-get install --reinstall gzip
Reinstall: gzip:amd64 (1.10-0ubuntu4)
End-Date: 2022-02-21  22:57:23

Start-Date: 2022-02-21  22:57:24
Commandline: apt-get install --reinstall hostname
Reinstall: hostname:amd64 (3.23)
End-Date: 2022-02-21  22:57:24

Start-Date: 2022-02-21  22:57:25
Commandline: apt-get install --reinstall init-system-helpers
Reinstall: init-system-helpers:amd64 (1.57)
End-Date: 2022-02-21  22:57:26

Start-Date: 2022-02-21  22:57:27
Commandline: apt-get install --reinstall libacl1:amd64
Reinstall: libacl1:amd64 (2.2.53-6)
End-Date: 2022-02-21  22:57:27

Start-Date: 2022-02-21  22:57:28
Commandline: apt-get install --reinstall libapt-pkg6.0:amd64
Reinstall: libapt-pkg6.0:amd64 (2.0.2)
End-Date: 2022-02-21  22:57:29

Start-Date: 2022-02-21  22:57:30
Commandline: apt-get install --reinstall libattr1:amd64
Reinstall: libattr1:amd64 (1:2.4.48-5)
End-Date: 2022-02-21  22:57:30

Start-Date: 2022-02-21  22:57:31
Commandline: apt-get install --reinstall libaudit-common
Reinstall: libaudit-common:amd64 (1:2.8.5-2ubuntu6)
End-Date: 2022-02-21  22:57:32

Start-Date: 2022-02-21  22:57:33
Commandline: apt-get install --reinstall libaudit1:amd64
Reinstall: libaudit1:amd64 (1:2.8.5-2ubuntu6)
End-Date: 2022-02-21  22:57:33

Start-Date: 2022-02-21  22:57:34
Commandline: apt-get install --reinstall libblkid1:amd64
Reinstall: libblkid1:amd64 (2.34-0.1ubuntu9)
End-Date: 2022-02-21  22:57:35

Start-Date: 2022-02-21  22:57:35
Commandline: apt-get install --reinstall libbz2-1.0:amd64
Reinstall: libbz2-1.0:amd64 (1.0.8-2)
End-Date: 2022-02-21  22:57:36

Start-Date: 2022-02-21  22:57:37
Commandline: apt-get install --reinstall libc-bin
Reinstall: libc-bin:amd64 (2.31-0ubuntu9)
End-Date: 2022-02-21  22:57:37

Start-Date: 2022-02-21  22:57:38
Commandline: apt-get install --reinstall libc6:amd64
Reinstall: libc6:amd64 (2.31-0ubuntu9)
End-Date: 2022-02-21  22:57:40

Start-Date: 2022-02-21  22:57:41
Commandline: apt-get install --reinstall libcap-ng0:amd64
Reinstall: libcap-ng0:amd64 (0.7.9-2.1build1)
End-Date: 2022-02-21  22:57:42

Start-Date: 2022-02-21  22:57:43
Commandline: apt-get install --reinstall libcom-err2:amd64
Reinstall: libcom-err2:amd64 (1.45.5-2ubuntu1)
End-Date: 2022-02-21  22:57:43

Start-Date: 2022-02-21  22:57:44
Commandline: apt-get install --reinstall libcrypt1:amd64
Reinstall: libcrypt1:amd64 (1:4.4.10-10ubuntu4)
End-Date: 2022-02-21  22:57:45

Start-Date: 2022-02-21  22:57:45
Commandline: apt-get install --reinstall libdb5.3:amd64
Reinstall: libdb5.3:amd64 (5.3.28+dfsg1-0.6ubuntu2)
End-Date: 2022-02-21  22:57:46

Start-Date: 2022-02-21  22:57:47
Commandline: apt-get install --reinstall libdebconfclient0:amd64
Reinstall: libdebconfclient0:amd64 (0.251ubuntu1)
End-Date: 2022-02-21  22:57:47

Start-Date: 2022-02-21  22:57:48
Commandline: apt-get install --reinstall libext2fs2:amd64
Reinstall: libext2fs2:amd64 (1.45.5-2ubuntu1)
End-Date: 2022-02-21  22:57:49

Start-Date: 2022-02-21  22:57:50
Commandline: apt-get install --reinstall libfdisk1:amd64
Reinstall: libfdisk1:amd64 (2.34-0.1ubuntu9)
End-Date: 2022-02-21  22:57:50

Start-Date: 2022-02-21  22:57:51
Commandline: apt-get install --reinstall libffi7:amd64
Reinstall: libffi7:amd64 (3.3-4)
End-Date: 2022-02-21  22:57:52

Start-Date: 2022-02-21  22:57:53
Commandline: apt-get install --reinstall libgcc-s1:amd64
Reinstall: libgcc-s1:amd64 (10-20200411-0ubuntu1)
End-Date: 2022-02-21  22:57:53

Start-Date: 2022-02-21  22:57:54
Commandline: apt-get install --reinstall libgcrypt20:amd64
Reinstall: libgcrypt20:amd64 (1.8.5-5ubuntu1)
End-Date: 2022-02-21  22:57:55

Start-Date: 2022-02-21  22:57:56
Commandline: apt-get install --reinstall libgmp10:amd64
Reinstall: libgmp10:amd64 (2:6.2.0+dfsg-4)
End-Date: 2022-02-21  22:57:56

Start-Date: 2022-02-21  22:57:57
Commandline: apt-get install --reinstall libgnutls30:amd64
Reinstall: libgnutls30:amd64 (3.6.13-2ubuntu1)
End-Date: 2022-02-21  22:57:58

Start-Date: 2022-02-21  22:57:58
Commandline: apt-get install --reinstall libgpg-error0:amd64
Reinstall: libgpg-error0:amd64 (1.37-1)
End-Date: 2022-02-21  22:57:59

Start-Date: 2022-02-21  22:58:00
Commandline: apt-get install --reinstall libhogweed5:amd64
Reinstall: libhogweed5:amd64 (3.5.1+really3.5.1-2)
End-Date: 2022-02-21  22:58:00

Start-Date: 2022-02-21  22:58:01
Commandline: apt-get install --reinstall libidn2-0:amd64
Reinstall: libidn2-0:amd64 (2.2.0-2)
End-Date: 2022-02-21  22:58:02

Start-Date: 2022-02-21  22:58:03
Commandline: apt-get install --reinstall liblz4-1:amd64
Reinstall: liblz4-1:amd64 (1.9.2-2)
End-Date: 2022-02-21  22:58:03

Start-Date: 2022-02-21  22:58:04
Commandline: apt-get install --reinstall liblzma5:amd64
Reinstall: liblzma5:amd64 (5.2.4-1)
End-Date: 2022-02-21  22:58:05

Start-Date: 2022-02-21  22:58:06
Commandline: apt-get install --reinstall libmount1:amd64
Reinstall: libmount1:amd64 (2.34-0.1ubuntu9)
End-Date: 2022-02-21  22:58:06

Start-Date: 2022-02-21  22:58:07
Commandline: apt-get install --reinstall libncurses6:amd64
Reinstall: libncurses6:amd64 (6.2-0ubuntu2)
End-Date: 2022-02-21  22:58:08

Start-Date: 2022-02-21  22:58:09
Commandline: apt-get install --reinstall libncursesw6:amd64
Reinstall: libncursesw6:amd64 (6.2-0ubuntu2)
End-Date: 2022-02-21  22:58:09

Start-Date: 2022-02-21  22:58:10
Commandline: apt-get install --reinstall libnettle7:amd64
Reinstall: libnettle7:amd64 (3.5.1+really3.5.1-2)
End-Date: 2022-02-21  22:58:10

Start-Date: 2022-02-21  22:58:11
Commandline: apt-get install --reinstall libp11-kit0:amd64
Reinstall: libp11-kit0:amd64 (0.23.20-1build1)
End-Date: 2022-02-21  22:58:12

Start-Date: 2022-02-21  22:58:13
Commandline: apt-get install --reinstall libpam-modules:amd64
Reinstall: libpam-modules:amd64 (1.3.1-5ubuntu4)
End-Date: 2022-02-21  22:58:13

Start-Date: 2022-02-21  22:58:15
Commandline: apt-get install --reinstall libpam-modules-bin
Reinstall: libpam-modules-bin:amd64 (1.3.1-5ubuntu4)
End-Date: 2022-02-21  22:58:15

Start-Date: 2022-02-21  22:58:16
Commandline: apt-get install --reinstall libpam-runtime
Reinstall: libpam-runtime:amd64 (1.3.1-5ubuntu4)
End-Date: 2022-02-21  22:58:17

Start-Date: 2022-02-21  22:58:18
Commandline: apt-get install --reinstall libpam0g:amd64
Reinstall: libpam0g:amd64 (1.3.1-5ubuntu4)
End-Date: 2022-02-21  22:58:18

Start-Date: 2022-02-21  22:58:19
Commandline: apt-get install --reinstall libpcre2-8-0:amd64
Reinstall: libpcre2-8-0:amd64 (10.34-7)
End-Date: 2022-02-21  22:58:19

Start-Date: 2022-02-21  22:58:20
Commandline: apt-get install --reinstall libpcre3:amd64
Reinstall: libpcre3:amd64 (2:8.39-12build1)
End-Date: 2022-02-21  22:58:21

Start-Date: 2022-02-21  22:58:22
Commandline: apt-get install --reinstall libprocps8:amd64
Reinstall: libprocps8:amd64 (2:3.3.16-1ubuntu2)
End-Date: 2022-02-21  22:58:22

Start-Date: 2022-02-21  22:58:23
Commandline: apt-get install --reinstall libseccomp2:amd64
Reinstall: libseccomp2:amd64 (2.4.3-1ubuntu1)
End-Date: 2022-02-21  22:58:24

Start-Date: 2022-02-21  22:58:25
Commandline: apt-get install --reinstall libselinux1:amd64
Reinstall: libselinux1:amd64 (3.0-1build2)
End-Date: 2022-02-21  22:58:25

Start-Date: 2022-02-21  22:58:26
Commandline: apt-get install --reinstall libsemanage-common
Reinstall: libsemanage-common:amd64 (3.0-1build2)
End-Date: 2022-02-21  22:58:26

Start-Date: 2022-02-21  22:58:27
Commandline: apt-get install --reinstall libsemanage1:amd64
Reinstall: libsemanage1:amd64 (3.0-1build2)
End-Date: 2022-02-21  22:58:28

Start-Date: 2022-02-21  22:58:29
Commandline: apt-get install --reinstall libsepol1:amd64
Reinstall: libsepol1:amd64 (3.0-1)
End-Date: 2022-02-21  22:58:29

Start-Date: 2022-02-21  22:58:30
Commandline: apt-get install --reinstall libsmartcols1:amd64
Reinstall: libsmartcols1:amd64 (2.34-0.1ubuntu9)
End-Date: 2022-02-21  22:58:31

Start-Date: 2022-02-21  22:58:32
Commandline: apt-get install --reinstall libss2:amd64
Reinstall: libss2:amd64 (1.45.5-2ubuntu1)
End-Date: 2022-02-21  22:58:32

Start-Date: 2022-02-21  22:58:33
Commandline: apt-get install --reinstall libstdc++6:amd64
Reinstall: libstdc++6:amd64 (10-20200411-0ubuntu1)
End-Date: 2022-02-21  22:58:34

Start-Date: 2022-02-21  22:58:34
Commandline: apt-get install --reinstall libsystemd0:amd64
Reinstall: libsystemd0:amd64 (245.4-4ubuntu3)
End-Date: 2022-02-21  22:58:35

Start-Date: 2022-02-21  22:58:36
Commandline: apt-get install --reinstall libtasn1-6:amd64
Reinstall: libtasn1-6:amd64 (4.16.0-2)
End-Date: 2022-02-21  22:58:36

Start-Date: 2022-02-21  22:58:37
Commandline: apt-get install --reinstall libtinfo6:amd64
Reinstall: libtinfo6:amd64 (6.2-0ubuntu2)
End-Date: 2022-02-21  22:58:38

Start-Date: 2022-02-21  22:58:39
Commandline: apt-get install --reinstall libudev1:amd64
Reinstall: libudev1:amd64 (245.4-4ubuntu3)
End-Date: 2022-02-21  22:58:39

Start-Date: 2022-02-21  22:58:40
Commandline: apt-get install --reinstall libunistring2:amd64
Reinstall: libunistring2:amd64 (0.9.10-2)
End-Date: 2022-02-21  22:58:41

Start-Date: 2022-02-21  22:58:42
Commandline: apt-get install --reinstall libuuid1:amd64
Reinstall: libuuid1:amd64 (2.34-0.1ubuntu9)
End-Date: 2022-02-21  22:58:42

Start-Date: 2022-02-21  22:58:43
Commandline: apt-get install --reinstall libzstd1:amd64
Reinstall: libzstd1:amd64 (1.4.4+dfsg-3)
End-Date: 2022-02-21  22:58:44

Start-Date: 2022-02-21  22:58:45
Commandline: apt-get install --reinstall login
Reinstall: login:amd64 (1:4.8.1-1ubuntu5)
End-Date: 2022-02-21  22:58:45

Start-Date: 2022-02-21  22:58:46
Commandline: apt-get install --reinstall logsave
Reinstall: logsave:amd64 (1.45.5-2ubuntu1)
End-Date: 2022-02-21  22:58:47

Start-Date: 2022-02-21  22:58:48
Commandline: apt-get install --reinstall lsb-base
Reinstall: lsb-base:amd64 (11.1.0ubuntu2)
End-Date: 2022-02-21  22:58:48

Start-Date: 2022-02-21  22:58:49
Commandline: apt-get install --reinstall mawk
Reinstall: mawk:amd64 (1.3.4.20200120-2)
End-Date: 2022-02-21  22:58:49

Start-Date: 2022-02-21  22:58:50
Commandline: apt-get install --reinstall mount
Reinstall: mount:amd64 (2.34-0.1ubuntu9)
End-Date: 2022-02-21  22:58:51

Start-Date: 2022-02-21  22:58:52
Commandline: apt-get install --reinstall ncurses-base
Reinstall: ncurses-base:amd64 (6.2-0ubuntu2)
End-Date: 2022-02-21  22:58:52

Start-Date: 2022-02-21  22:58:53
Commandline: apt-get install --reinstall ncurses-bin
Reinstall: ncurses-bin:amd64 (6.2-0ubuntu2)
End-Date: 2022-02-21  22:58:54

Start-Date: 2022-02-21  22:58:55
Commandline: apt-get install --reinstall passwd
Reinstall: passwd:amd64 (1:4.8.1-1ubuntu5)
End-Date: 2022-02-21  22:58:55

Start-Date: 2022-02-21  22:58:56
Commandline: apt-get install --reinstall perl-base
Reinstall: perl-base:amd64 (5.30.0-9build1)
End-Date: 2022-02-21  22:58:57

Start-Date: 2022-02-21  22:58:58
Commandline: apt-get install --reinstall procps
Reinstall: procps:amd64 (2:3.3.16-1ubuntu2)
End-Date: 2022-02-21  22:58:58

Start-Date: 2022-02-21  22:58:59
Commandline: apt-get install --reinstall sed
Reinstall: sed:amd64 (4.7-1)
End-Date: 2022-02-21  22:59:00

Start-Date: 2022-02-21  22:59:00
Commandline: apt-get install --reinstall sensible-utils
Reinstall: sensible-utils:amd64 (0.0.12+nmu1)
End-Date: 2022-02-21  22:59:01

Start-Date: 2022-02-21  22:59:02
Commandline: apt-get install --reinstall sysvinit-utils
Reinstall: sysvinit-utils:amd64 (2.96-2.1ubuntu1)
End-Date: 2022-02-21  22:59:02

Start-Date: 2022-02-21  22:59:03
Commandline: apt-get install --reinstall tar
Reinstall: tar:amd64 (1.30+dfsg-7)
End-Date: 2022-02-21  22:59:04

Start-Date: 2022-02-21  22:59:05
Commandline: apt-get install --reinstall ubuntu-keyring
Reinstall: ubuntu-keyring:amd64 (2020.02.11.2)
End-Date: 2022-02-21  22:59:05

Start-Date: 2022-02-21  22:59:06
Commandline: apt-get install --reinstall util-linux
Reinstall: util-linux:amd64 (2.34-0.1ubuntu9)
End-Date: 2022-02-21  22:59:07

Start-Date: 2022-02-21  22:59:08
Commandline: apt-get install --reinstall zlib1g:amd64
Reinstall: zlib1g:amd64 (1:1.2.11.dfsg-2ubuntu1)
End-Date: 2022-02-21  22:59:08

Start-Date: 2022-02-21  22:59:11
Commandline: apt-get --yes -oDebug::pkgDepCache::AutoInstall=yes install ubuntu-keyring
Upgrade: ubuntu-keyring:amd64 (2020.02.11.2, 2020.02.11.4)
End-Date: 2022-02-21  22:59:11

Start-Date: 2022-02-21  22:59:13
Commandline: apt-get --yes -oDebug::pkgDepCache::AutoInstall=yes --force-yes upgrade
Upgrade: libpam0g:amd64 (1.3.1-5ubuntu4, 1.3.1-5ubuntu4.3), fdisk:amd64 (2.34-0.1ubuntu9, 2.34-0.1ubuntu9.3), perl-base:amd64 (5.30.0-9build1, 5.30.0-9ubuntu0.2), libseccomp2:amd64 (2.4.3-1ubuntu1, 2.5.1-1ubuntu1~20.04.2), libfdisk1:amd64 (2.34-0.1ubuntu9, 2.34-0.1ubuntu9.3), libpam-modules:amd64 (1.3.1-5ubuntu4, 1.3.1-5ubuntu4.3), libsystemd0:amd64 (245.4-4ubuntu3, 245.4-4ubuntu3.15), gcc-10-base:amd64 (10-20200411-0ubuntu1, 10.3.0-1ubuntu1~20.04), apt:amd64 (2.0.2, 2.0.6), libmount1:amd64 (2.34-0.1ubuntu9, 2.34-0.1ubuntu9.3), zlib1g:amd64 (1:1.2.11.dfsg-2ubuntu1, 1:1.2.11.dfsg-2ubuntu1.2), libc6:amd64 (2.31-0ubuntu9, 2.31-0ubuntu9.2), util-linux:amd64 (2.34-0.1ubuntu9, 2.34-0.1ubuntu9.3), passwd:amd64 (1:4.8.1-1ubuntu5, 1:4.8.1-1ubuntu5.20.04.1), procps:amd64 (2:3.3.16-1ubuntu2, 2:3.3.16-1ubuntu2.3), libpam-runtime:amd64 (1.3.1-5ubuntu4, 1.3.1-5ubuntu4.3), libprocps8:amd64 (2:3.3.16-1ubuntu2, 2:3.3.16-1ubuntu2.3), libapt-pkg6.0:amd64 (2.0.2, 2.0.6), libudev1:amd64 (245.4-4ubuntu3, 245.4-4ubuntu3.15), mount:amd64 (2.34-0.1ubuntu9, 2.34-0.1ubuntu9.3), libblkid1:amd64 (2.34-0.1ubuntu9, 2.34-0.1ubuntu9.3), libc-bin:amd64 (2.31-0ubuntu9, 2.31-0ubuntu9.2), tar:amd64 (1.30+dfsg-7, 1.30+dfsg-7ubuntu0.20.04.1), libuuid1:amd64 (2.34-0.1ubuntu9, 2.34-0.1ubuntu9.3), libgcrypt20:amd64 (1.8.5-5ubuntu1, 1.8.5-5ubuntu1.1), liblz4-1:amd64 (1.9.2-2, 1.9.2-2ubuntu0.20.04.1), gpgv:amd64 (2.2.19-3ubuntu2, 2.2.19-3ubuntu2.1), libsmartcols1:amd64 (2.34-0.1ubuntu9, 2.34-0.1ubuntu9.3), login:amd64 (1:4.8.1-1ubuntu5, 1:4.8.1-1ubuntu5.20.04.1), libhogweed5:amd64 (3.5.1+really3.5.1-2, 3.5.1+really3.5.1-2ubuntu0.2), libpam-modules-bin:amd64 (1.3.1-5ubuntu4, 1.3.1-5ubuntu4.3), bsdutils:amd64 (1:2.34-0.1ubuntu9, 1:2.34-0.1ubuntu9.3), libgcc-s1:amd64 (10-20200411-0ubuntu1, 10.3.0-1ubuntu1~20.04), libnettle7:amd64 (3.5.1+really3.5.1-2, 3.5.1+really3.5.1-2ubuntu0.2), bash:amd64 (5.0-6ubuntu1, 5.0-6ubuntu1.1), libgnutls30:amd64 (3.6.13-2ubuntu1, 3.6.13-2ubuntu1.6), libp11-kit0:amd64 (0.23.20-1build1, 0.23.20-1ubuntu0.1), libzstd1:amd64 (1.4.4+dfsg-3, 1.4.4+dfsg-3ubuntu0.1), liblzma5:amd64 (5.2.4-1, 5.2.4-1ubuntu1), libstdc++6:amd64 (10-20200411-0ubuntu1, 10.3.0-1ubuntu1~20.04), base-files:amd64 (11ubuntu5, 11ubuntu5.5)
End-Date: 2022-02-21  22:59:17

Start-Date: 2024-12-04  19:16:50
Commandline: apt install ssh
Install: libxdmcp6:amd64 (1:1.1.3-0ubuntu1, automatic), libdevmapper1.02.1:amd64 (2:1.02.167-1ubuntu1, automatic), dmsetup:amd64 (2:1.02.167-1ubuntu1, automatic), libkrb5-3:amd64 (1.17-6ubuntu4.7, automatic), libgssapi-krb5-2:amd64 (1.17-6ubuntu4.7, automatic), libdbus-1-3:amd64 (1.12.16-2ubuntu2.3, automatic), networkd-dispatcher:amd64 (2.1-2~ubuntu20.04.3, automatic), publicsuffix:amd64 (20200303.0012-1, automatic), openssl:amd64 (1.1.1f-1ubuntu2.23, automatic), libgirepository-1.0-1:amd64 (1.64.1-1~ubuntu20.04.1, automatic), libargon2-1:amd64 (0~20171227-0.2, automatic), libpython3.8-minimal:amd64 (3.8.10-0ubuntu1~20.04.13, automatic), python3-distro:amd64 (1.4.0-1, automatic), xdg-user-dirs:amd64 (0.17-2ubuntu1, automatic), dbus:amd64 (1.12.16-2ubuntu2.3, automatic), libkmod2:amd64 (27-1ubuntu2.1, automatic), libpsl5:amd64 (0.21.0-1ubuntu1, automatic), libsqlite3-0:amd64 (3.31.1-4ubuntu0.6, automatic), libicu66:amd64 (66.1-2ubuntu2.1, automatic), python3-urllib3:amd64 (1.25.8-2ubuntu0.4, automatic), libbsd0:amd64 (0.10.0-1, automatic), libwrap0:amd64 (7.6.q-30, automatic), python3.8:amd64 (3.8.10-0ubuntu1~20.04.13, automatic), openssh-sftp-server:amd64 (1:8.2p1-4ubuntu0.11, automatic), python3:amd64 (3.8.2-0ubuntu2, automatic), libk5crypto3:amd64 (1.17-6ubuntu4.7, automatic), python3-idna:amd64 (2.8-1ubuntu0.1, automatic), mime-support:amd64 (3.64ubuntu1, automatic), python3-six:amd64 (1.14.0-2, automatic), readline-common:amd64 (8.0-4, automatic), libmagic1:amd64 (1:5.38-4, automatic), libmpdec2:amd64 (2.4.2-3, automatic), libx11-6:amd64 (2:1.6.9-2ubuntu1.6, automatic), python3-requests:amd64 (2.22.0-2ubuntu1.1, automatic), libexpat1:amd64 (2.2.9-1ubuntu0.7, automatic), libfido2-1:amd64 (1.3.1-1ubuntu2, automatic), libapparmor1:amd64 (2.13.3-7ubuntu5.4, automatic), krb5-locales:amd64 (1.17-6ubuntu4.7, automatic), systemd-timesyncd:amd64 (245.4-4ubuntu3.24, automatic), python3-minimal:amd64 (3.8.2-0ubuntu2, automatic), libxau6:amd64 (1:1.0.9-0ubuntu1, automatic), libmagic-mgc:amd64 (1:5.38-4, automatic), gir1.2-glib-2.0:amd64 (1.64.1-1~ubuntu20.04.1, automatic), libxcb1:amd64 (1.14-2, automatic), libkrb5support0:amd64 (1.17-6ubuntu4.7, automatic), libcap2:amd64 (1:2.32-1ubuntu0.1, automatic), libpython3-stdlib:amd64 (3.8.2-0ubuntu2, automatic), ssh:amd64 (1:8.2p1-4ubuntu0.11), python3.8-minimal:amd64 (3.8.10-0ubuntu1~20.04.13, automatic), systemd-sysv:amd64 (245.4-4ubuntu3.24, automatic), ucf:amd64 (3.0038+nmu1, automatic), libkeyutils1:amd64 (1.6-6ubuntu1.1, automatic), libxmuu1:amd64 (2:1.1.3-0ubuntu1, automatic), libpam-systemd:amd64 (245.4-4ubuntu3.24, automatic), distro-info-data:amd64 (0.43ubuntu1.17, automatic), xz-utils:amd64 (5.2.4-1ubuntu1.1, automatic), ncurses-term:amd64 (6.2-0ubuntu2.1, automatic), python3-pkg-resources:amd64 (45.2.0-1ubuntu0.2, automatic), shared-mime-info:amd64 (1.15-1, automatic), systemd:amd64 (245.4-4ubuntu3.24, automatic), openssh-server:amd64 (1:8.2p1-4ubuntu0.11, automatic), libx11-data:amd64 (2:1.6.9-2ubuntu1.6, automatic), libreadline8:amd64 (8.0-4, automatic), openssh-client:amd64 (1:8.2p1-4ubuntu0.11, automatic), libnss-systemd:amd64 (245.4-4ubuntu3.24, automatic), python3-dbus:amd64 (1.2.16-1build1, automatic), libglib2.0-data:amd64 (2.64.6-1~ubuntu20.04.8, automatic), lsb-release:amd64 (11.1.0ubuntu2, automatic), libxml2:amd64 (2.9.10+dfsg-5ubuntu0.20.04.7, automatic), file:amd64 (1:5.38-4, automatic), python3-gi:amd64 (3.36.0-1, automatic), libpython3.8-stdlib:amd64 (3.8.10-0ubuntu1~20.04.13, automatic), libedit2:amd64 (3.1-20191231-1, automatic), ca-certificates:amd64 (20240203~20.04.1, automatic), xauth:amd64 (1:1.1-0ubuntu1, automatic), ssh-import-id:amd64 (5.10-0ubuntu1, automatic), wget:amd64 (1.20.3-1ubuntu2.1, automatic), libcryptsetup12:amd64 (2:2.2.2-3ubuntu2.4, automatic), libssl1.1:amd64 (1.1.1f-1ubuntu2.23, automatic), libjson-c4:amd64 (0.13.1+dfsg-7ubuntu0.3, automatic), libip4tc2:amd64 (1.8.4-3ubuntu2.1, automatic), python3-certifi:amd64 (2019.11.28-1, automatic), python3-chardet:amd64 (3.0.4-4build1, automatic), libcbor0.6:amd64 (0.6.0-0ubuntu1, automatic), libglib2.0-0:amd64 (2.64.6-1~ubuntu20.04.8, automatic), libxext6:amd64 (2:1.3.4-0ubuntu1, automatic), tzdata:amd64 (2024a-0ubuntu0.20.04.1, automatic)
Upgrade: libsystemd0:amd64 (245.4-4ubuntu3.15, 245.4-4ubuntu3.24)
End-Date: 2024-12-04  19:18:29

Start-Date: 2024-12-05  01:19:00
Commandline: apt install neofetch
Install: libwebp6:amd64 (0.6.1-2ubuntu0.20.04.3, automatic), libopenjp2-7:amd64 (2.3.1-1ubuntu4.20.04.3, automatic), libcups2:amd64 (2.3.1-9ubuntu1.9, automatic), liblcms2-2:amd64 (2.9-4, automatic), libgs9:amd64 (9.50~dfsg-5ubuntu4.14, automatic), neofetch:amd64 (7.0.0-1), fonts-urw-base35:amd64 (20170801.1-3, automatic), chafa:amd64 (1.2.1-1, automatic), libmagickwand-6.q16-6:amd64 (8:6.9.10.23+dfsg-2.1ubuntu11.10, automatic), libavahi-common-data:amd64 (0.7-4ubuntu7.3, automatic), libavahi-common3:amd64 (0.7-4ubuntu7.3, automatic), libchafa0:amd64 (1.2.1-1, automatic), fonts-droid-fallback:amd64 (1:6.0.1r16-1.1, automatic), fontconfig-config:amd64 (2.13.1-2ubuntu3, automatic), libltdl7:amd64 (2.4.6-14, automatic), libpaper1:amd64 (1.1.28, automatic), liblqr-1-0:amd64 (0.4.2-2.1, automatic), libtiff5:amd64 (4.1.0+git191117-2ubuntu0.20.04.14, automatic), libjbig2dec0:amd64 (0.18-1ubuntu1, automatic), fonts-dejavu-core:amd64 (2.37-1, automatic), libpaper-utils:amd64 (1.1.28, automatic), libjpeg8:amd64 (8c-2ubuntu8, automatic), ghostscript:amd64 (9.50~dfsg-5ubuntu4.14, automatic), libgomp1:amd64 (10.5.0-1ubuntu1~20.04, automatic), libwebpmux3:amd64 (0.6.1-2ubuntu0.20.04.3, automatic), libijs-0.35:amd64 (0.35-15, automatic), libfontconfig1:amd64 (2.13.1-2ubuntu3, automatic), libmagickcore-6.q16-6:amd64 (8:6.9.10.23+dfsg-2.1ubuntu11.10, automatic), libgs9-common:amd64 (9.50~dfsg-5ubuntu4.14, automatic), gsfonts:amd64 (1:8.11+urwcyr1.0.7~pre44-4.4, automatic), libfftw3-double3:amd64 (3.3.8-2ubuntu1, automatic), libjpeg-turbo8:amd64 (2.0.3-0ubuntu1.20.04.3, automatic), libjbig0:amd64 (2.1-3.1ubuntu0.20.04.1, automatic), libidn11:amd64 (1.33-2.2ubuntu2, automatic), libfreetype6:amd64 (2.10.1-2ubuntu0.3, automatic), libavahi-client3:amd64 (0.7-4ubuntu7.3, automatic), fonts-noto-mono:amd64 (20200323-1build1~ubuntu20.04.1, automatic), poppler-data:amd64 (0.4.9-2, automatic), imagemagick-6-common:amd64 (8:6.9.10.23+dfsg-2.1ubuntu11.10, automatic), libpng16-16:amd64 (1.6.37-2, automatic)
Upgrade: gcc-10-base:amd64 (10.3.0-1ubuntu1~20.04, 10.5.0-1ubuntu1~20.04), libgcc-s1:amd64 (10.3.0-1ubuntu1~20.04, 10.5.0-1ubuntu1~20.04), libstdc++6:amd64 (10.3.0-1ubuntu1~20.04, 10.5.0-1ubuntu1~20.04)
End-Date: 2024-12-05  01:19:08

Start-Date: 2024-12-05  01:31:08
Commandline: apt install sudo
Install: sudo:amd64 (1.8.31-1ubuntu1.5)
End-Date: 2024-12-05  01:31:08

Start-Date: 2024-12-05  01:31:25
Commandline: apt install steamcmd
Install: gcc-10-base:i386 (10.5.0-1ubuntu1~20.04, automatic), steamcmd:i386 (0~20180105-3), libc6:i386 (2.31-0ubuntu9.16, automatic), libcrypt1:i386 (1:4.4.10-10ubuntu4, automatic), libgcc-s1:i386 (10.5.0-1ubuntu1~20.04, automatic), libunistring2:i386 (0.9.10-2, automatic), libstdc++6:i386 (10.5.0-1ubuntu1~20.04, automatic), libidn2-0:i386 (2.2.0-2, automatic)
Upgrade: libc6:amd64 (2.31-0ubuntu9.2, 2.31-0ubuntu9.16)
End-Date: 2024-12-05  01:31:38

Start-Date: 2024-12-05  01:40:25
Commandline: apt --fix-broken install
Install: libpopt0:amd64 (1.16-14, automatic), logrotate:amd64 (3.14.0-4ubuntu3, automatic)
End-Date: 2024-12-05  01:40:25

Start-Date: 2024-12-05  01:47:09
Commandline: apt install net-tools
Install: net-tools:amd64 (1.60+git20180626.aebd88e-1ubuntu1)
End-Date: 2024-12-05  01:47:09

Start-Date: 2024-12-05  02:04:34
Commandline: apt install nano
Install: nano:amd64 (4.8-1ubuntu1.1)
End-Date: 2024-12-05  02:04:34

Start-Date: 2024-12-05  02:12:46
Commandline: apt install curl
Install: libgssapi3-heimdal:amd64 (7.7.0+dfsg-1ubuntu1.4, automatic), libnghttp2-14:amd64 (1.40.0-1ubuntu0.3, automatic), libwind0-heimdal:amd64 (7.7.0+dfsg-1ubuntu1.4, automatic), libsasl2-modules-db:amd64 (2.1.27+dfsg-2ubuntu0.1, automatic), libcurl4:amd64 (7.68.0-1ubuntu2.24, automatic), libldap-2.4-2:amd64 (2.4.49+dfsg-2ubuntu1.10, automatic), libssh-4:amd64 (0.9.3-2ubuntu2.5, automatic), libbrotli1:amd64 (1.0.7-6ubuntu0.1, automatic), libheimntlm0-heimdal:amd64 (7.7.0+dfsg-1ubuntu1.4, automatic), libheimbase1-heimdal:amd64 (7.7.0+dfsg-1ubuntu1.4, automatic), libsasl2-2:amd64 (2.1.27+dfsg-2ubuntu0.1, automatic), librtmp1:amd64 (2.4+20151223.gitfa8646d.1-2build1, automatic), libsasl2-modules:amd64 (2.1.27+dfsg-2ubuntu0.1, automatic), libldap-common:amd64 (2.4.49+dfsg-2ubuntu1.10, automatic), libhcrypto4-heimdal:amd64 (7.7.0+dfsg-1ubuntu1.4, automatic), libroken18-heimdal:amd64 (7.7.0+dfsg-1ubuntu1.4, automatic), libasn1-8-heimdal:amd64 (7.7.0+dfsg-1ubuntu1.4, automatic), libkrb5-26-heimdal:amd64 (7.7.0+dfsg-1ubuntu1.4, automatic), curl:amd64 (7.68.0-1ubuntu2.24), libhx509-5-heimdal:amd64 (7.7.0+dfsg-1ubuntu1.4, automatic)
End-Date: 2024-12-05  02:12:48

Start-Date: 2024-12-05  02:13:01
Commandline: apt-get install -y gpg
Install: gnupg-utils:amd64 (2.2.19-3ubuntu2.2, automatic), gpg-wks-client:amd64 (2.2.19-3ubuntu2.2, automatic), gnupg-l10n:amd64 (2.2.19-3ubuntu2.2, automatic), libksba8:amd64 (1.3.5-2ubuntu0.20.04.2, automatic), gpg-wks-server:amd64 (2.2.19-3ubuntu2.2, automatic), gpg:amd64 (2.2.19-3ubuntu2.2), libassuan0:amd64 (2.5.3-7ubuntu2, automatic), dirmngr:amd64 (2.2.19-3ubuntu2.2, automatic), gnupg:amd64 (2.2.19-3ubuntu2.2, automatic), pinentry-curses:amd64 (1.1.0-3build1, automatic), libnpth0:amd64 (1.6-1, automatic), gpg-agent:amd64 (2.2.19-3ubuntu2.2, automatic), gpgconf:amd64 (2.2.19-3ubuntu2.2, automatic), gpgsm:amd64 (2.2.19-3ubuntu2.2, automatic)
Upgrade: gpgv:amd64 (2.2.19-3ubuntu2.1, 2.2.19-3ubuntu2.2)
End-Date: 2024-12-05  02:13:04

Start-Date: 2024-12-05  02:13:10
Commandline: apt-get install -y zerotier-one
Install: zerotier-one:amd64 (1.14.2)
End-Date: 2024-12-05  02:13:11

Start-Date: 2024-12-05  02:15:08
Commandline: apt install docker
Install: docker:amd64 (1.5-2), wmdocker:amd64 (1.5-2, automatic)
End-Date: 2024-12-05  02:15:09

Start-Date: 2024-12-05  02:15:30
Commandline: apt install docker.io
Install: iptables:amd64 (1.8.4-3ubuntu2.1, automatic), git-man:amd64 (1:2.25.1-1ubuntu3.13, automatic), containerd:amd64 (1.7.12-0ubuntu2~20.04.1, automatic), bridge-utils:amd64 (1.6-2ubuntu1, automatic), libpam-cap:amd64 (1:2.32-1ubuntu0.1, automatic), libelf1:amd64 (0.176-1.1ubuntu0.1, automatic), perl-modules-5.30:amd64 (5.30.0-9ubuntu0.5, automatic), dnsmasq-base:amd64 (2.90-0ubuntu0.20.04.1, automatic), netbase:amd64 (6.1, automatic), git:amd64 (1:2.25.1-1ubuntu3.13, automatic), libip6tc2:amd64 (1.8.4-3ubuntu2.1, automatic), libnftnl11:amd64 (1.1.5-1, automatic), libperl5.30:amd64 (5.30.0-9ubuntu0.5, automatic), libnfnetlink0:amd64 (1.0.1-3build1, automatic), ubuntu-fan:amd64 (0.12.13ubuntu0.1, automatic), libatm1:amd64 (1:2.5.1-4, automatic), runc:amd64 (1.1.12-0ubuntu2~20.04.1, automatic), libcap2-bin:amd64 (1:2.32-1ubuntu0.1, automatic), libgdbm6:amd64 (1.18.1-5, automatic), libnetfilter-conntrack3:amd64 (1.0.7-2, automatic), iproute2:amd64 (5.5.0-1ubuntu1, automatic), libxtables12:amd64 (1.8.4-3ubuntu2.1, automatic), perl:amd64 (5.30.0-9ubuntu0.5, automatic), netcat:amd64 (1.206-1ubuntu1, automatic), apparmor:amd64 (2.13.3-7ubuntu5.4, automatic), dns-root-data:amd64 (2023112702~ubuntu0.20.04.1, automatic), libgdbm-compat4:amd64 (1.18.1-5, automatic), netcat-openbsd:amd64 (1.206-1ubuntu1, automatic), pigz:amd64 (2.4-1, automatic), patch:amd64 (2.7.6-6, automatic), libcurl3-gnutls:amd64 (7.68.0-1ubuntu2.24, automatic), less:amd64 (551-1ubuntu0.3, automatic), libmnl0:amd64 (1.0.4-2, automatic), docker.io:amd64 (24.0.7-0ubuntu2~20.04.1), liberror-perl:amd64 (0.17029-1, automatic)
Upgrade: perl-base:amd64 (5.30.0-9ubuntu0.2, 5.30.0-9ubuntu0.5)
End-Date: 2024-12-05  02:15:48

Start-Date: 2024-12-06  10:20:44
Commandline: apt install speedtest-cli
Install: speedtest-cli:amd64 (2.1.2-2ubuntu0.20.04.1)
End-Date: 2024-12-06  10:20:45
