update-alternatives 2022-02-21 22:56:47: run with --quiet --install /usr/bin/awk awk /usr/bin/mawk 5 --slave /usr/share/man/man1/awk.1.gz awk.1.gz /usr/share/man/man1/mawk.1.gz --slave /usr/bin/nawk nawk /usr/bin/mawk --slave /usr/share/man/man1/nawk.1.gz nawk.1.gz /usr/share/man/man1/mawk.1.gz
update-alternatives 2022-02-21 22:56:47: link group awk updated to point to /usr/bin/mawk
update-alternatives 2022-02-21 22:56:50: run with --quiet --install /usr/bin/awk awk /usr/bin/mawk 5 --slave /usr/share/man/man1/awk.1.gz awk.1.gz /usr/share/man/man1/mawk.1.gz --slave /usr/bin/nawk nawk /usr/bin/mawk --slave /usr/share/man/man1/nawk.1.gz nawk.1.gz /usr/share/man/man1/mawk.1.gz
update-alternatives 2022-02-21 22:56:51: run with --install /usr/share/man/man7/builtins.7.gz builtins.7.gz /usr/share/man/man7/bash-builtins.7.gz 10
update-alternatives 2022-02-21 22:56:51: link group builtins.7.gz updated to point to /usr/share/man/man7/bash-builtins.7.gz
update-alternatives 2022-02-21 22:56:51: run with --install /usr/sbin/rmt rmt /usr/sbin/rmt-tar 50 --slave /usr/share/man/man8/rmt.8.gz rmt.8.gz /usr/share/man/man8/rmt-tar.8.gz
update-alternatives 2022-02-21 22:56:51: link group rmt updated to point to /usr/sbin/rmt-tar
update-alternatives 2022-02-21 22:56:51: run with --install /usr/bin/w w /usr/bin/w.procps 50 --slave /usr/share/man/man1/w.1.gz w.1.gz /usr/share/man/man1/w.procps.1.gz
update-alternatives 2022-02-21 22:56:51: link group w updated to point to /usr/bin/w.procps
update-alternatives 2022-02-21 22:56:52: run with --install /usr/bin/pager pager /bin/more 50 --slave /usr/share/man/man1/pager.1.gz pager.1.gz /usr/share/man/man1/more.1.gz
update-alternatives 2022-02-21 22:56:52: link group pager updated to point to /bin/more
update-alternatives 2022-02-21 22:56:52: run with --remove pager /usr/bin/pg
update-alternatives 2022-02-21 22:57:01: run with --remove builtins.7.gz /usr/share/man/man7/bash-builtins.7.gz
update-alternatives 2022-02-21 22:57:01: link group builtins.7.gz fully removed
update-alternatives 2022-02-21 22:58:49: run with --quiet --install /usr/bin/awk awk /usr/bin/mawk 5 --slave /usr/share/man/man1/awk.1.gz awk.1.gz /usr/share/man/man1/mawk.1.gz --slave /usr/bin/nawk nawk /usr/bin/mawk --slave /usr/share/man/man1/nawk.1.gz nawk.1.gz /usr/share/man/man1/mawk.1.gz
update-alternatives 2022-02-21 22:58:49: auto-repair link group awk
update-alternatives 2022-02-21 22:58:58: run with --install /usr/bin/w w /usr/bin/w.procps 50 --slave /usr/share/man/man1/w.1.gz w.1.gz /usr/share/man/man1/w.procps.1.gz
update-alternatives 2022-02-21 22:58:58: auto-repair link group w
update-alternatives 2022-02-21 22:59:04: run with --install /usr/sbin/rmt rmt /usr/sbin/rmt-tar 50 --slave /usr/share/man/man8/rmt.8.gz rmt.8.gz /usr/share/man/man8/rmt-tar.8.gz
update-alternatives 2022-02-21 22:59:04: auto-repair link group rmt
update-alternatives 2022-02-21 22:59:06: run with --install /usr/bin/pager pager /bin/more 50 --slave /usr/share/man/man1/pager.1.gz pager.1.gz /usr/share/man/man1/more.1.gz
update-alternatives 2022-02-21 22:59:06: auto-repair link group pager
update-alternatives 2022-02-21 22:59:06: run with --remove pager /usr/bin/pg
update-alternatives 2022-02-21 22:59:14: run with --install /usr/sbin/rmt rmt /usr/sbin/rmt-tar 50 --slave /usr/share/man/man8/rmt.8.gz rmt.8.gz /usr/share/man/man8/rmt-tar.8.gz
update-alternatives 2022-02-21 22:59:15: run with --install /usr/bin/pager pager /bin/more 50 --slave /usr/share/man/man1/pager.1.gz pager.1.gz /usr/share/man/man1/more.1.gz
update-alternatives 2022-02-21 22:59:15: run with --remove pager /usr/bin/pg
update-alternatives 2022-02-21 22:59:17: run with --install /usr/bin/w w /usr/bin/w.procps 50 --slave /usr/share/man/man1/w.1.gz w.1.gz /usr/share/man/man1/w.procps.1.gz
update-alternatives 2024-12-05 01:18:11: run with --install /usr/bin/lzma lzma /usr/bin/xz 20 --slave /usr/share/man/man1/lzma.1.gz lzma.1.gz /usr/share/man/man1/xz.1.gz --slave /usr/bin/unlzma unlzma /usr/bin/unxz --slave /usr/share/man/man1/unlzma.1.gz unlzma.1.gz /usr/share/man/man1/unxz.1.gz --slave /usr/bin/lzcat lzcat /usr/bin/xzcat --slave /usr/share/man/man1/lzcat.1.gz lzcat.1.gz /usr/share/man/man1/xzcat.1.gz --slave /usr/bin/lzmore lzmore /usr/bin/xzmore --slave /usr/share/man/man1/lzmore.1.gz lzmore.1.gz /usr/share/man/man1/xzmore.1.gz --slave /usr/bin/lzless lzless /usr/bin/xzless --slave /usr/share/man/man1/lzless.1.gz lzless.1.gz /usr/share/man/man1/xzless.1.gz --slave /usr/bin/lzdiff lzdiff /usr/bin/xzdiff --slave /usr/share/man/man1/lzdiff.1.gz lzdiff.1.gz /usr/share/man/man1/xzdiff.1.gz --slave /usr/bin/lzcmp lzcmp /usr/bin/xzcmp --slave /usr/share/man/man1/lzcmp.1.gz lzcmp.1.gz /usr/share/man/man1/xzcmp.1.gz --slave /usr/bin/lzgrep lzgrep /usr/bin/xzgrep --slave /usr/share/man/man1/lzgrep.1.gz lzgrep.1.gz /usr/share/man/man1/xzgrep.1.gz --slave /usr/bin/lzegrep lzegrep /usr/bin/xzegrep --slave /usr/share/man/man1/lzegrep.1.gz lzegrep.1.gz /usr/share/man/man1/xzegrep.1.gz --slave /usr/bin/lzfgrep lzfgrep /usr/bin/xzfgrep --slave /usr/share/man/man1/lzfgrep.1.gz lzfgrep.1.gz /usr/share/man/man1/xzfgrep.1.gz
update-alternatives 2024-12-05 01:18:11: link group lzma updated to point to /usr/bin/xz
update-alternatives 2024-12-05 01:18:17: run with --quiet --install /usr/bin/rsh rsh /usr/bin/ssh 20 --slave /usr/share/man/man1/rsh.1.gz rsh.1.gz /usr/share/man/man1/ssh.1.gz
update-alternatives 2024-12-05 01:18:17: link group rsh updated to point to /usr/bin/ssh
update-alternatives 2024-12-05 01:18:17: run with --quiet --install /usr/bin/rlogin rlogin /usr/bin/slogin 20 --slave /usr/share/man/man1/rlogin.1.gz rlogin.1.gz /usr/share/man/man1/slogin.1.gz
update-alternatives 2024-12-05 01:18:17: link group rlogin updated to point to /usr/bin/slogin
update-alternatives 2024-12-05 01:18:17: run with --quiet --install /usr/bin/rcp rcp /usr/bin/scp 20 --slave /usr/share/man/man1/rcp.1.gz rcp.1.gz /usr/share/man/man1/scp.1.gz
update-alternatives 2024-12-05 01:18:17: link group rcp updated to point to /usr/bin/scp
update-alternatives 2024-12-05 02:04:34: run with --install /usr/bin/editor editor /bin/nano 40 --slave /usr/share/man/man1/editor.1.gz editor.1.gz /usr/share/man/man1/nano.1.gz
update-alternatives 2024-12-05 02:04:34: link group editor updated to point to /bin/nano
update-alternatives 2024-12-05 02:04:34: run with --install /usr/bin/pico pico /bin/nano 10 --slave /usr/share/man/man1/pico.1.gz pico.1.gz /usr/share/man/man1/nano.1.gz
update-alternatives 2024-12-05 02:04:34: link group pico updated to point to /bin/nano
update-alternatives 2024-12-05 02:13:03: run with --quiet --install /usr/bin/pinentry pinentry /usr/bin/pinentry-curses 50 --slave /usr/share/man/man1/pinentry.1.gz pinentry.1.gz /usr/share/man/man1/pinentry-curses.1.gz
update-alternatives 2024-12-05 02:13:03: link group pinentry updated to point to /usr/bin/pinentry-curses
update-alternatives 2024-12-05 02:15:43: run with --install /bin/nc nc /bin/nc.openbsd 50 --slave /bin/netcat netcat /bin/nc.openbsd --slave /usr/share/man/man1/nc.1.gz nc.1.gz /usr/share/man/man1/nc_openbsd.1.gz --slave /usr/share/man/man1/netcat.1.gz netcat.1.gz /usr/share/man/man1/nc_openbsd.1.gz
update-alternatives 2024-12-05 02:15:43: link group nc updated to point to /bin/nc.openbsd
update-alternatives 2024-12-05 02:15:43: run with --quiet --install /usr/bin/pager pager /usr/bin/less 77 --slave /usr/share/man/man1/pager.1.gz pager.1.gz /usr/share/man/man1/less.1.gz
update-alternatives 2024-12-05 02:15:43: link group pager updated to point to /usr/bin/less
update-alternatives 2024-12-05 02:15:43: run with --quiet --remove pager /bin/less
update-alternatives 2024-12-05 02:15:46: run with --install /usr/sbin/iptables iptables /usr/sbin/iptables-legacy 20 --slave /usr/sbin/iptables-restore iptables-restore /usr/sbin/iptables-legacy-restore --slave /usr/sbin/iptables-save iptables-save /usr/sbin/iptables-legacy-save
update-alternatives 2024-12-05 02:15:46: link group iptables updated to point to /usr/sbin/iptables-legacy
update-alternatives 2024-12-05 02:15:46: run with --install /usr/sbin/ip6tables ip6tables /usr/sbin/ip6tables-legacy 20 --slave /usr/sbin/ip6tables-restore ip6tables-restore /usr/sbin/ip6tables-legacy-restore --slave /usr/sbin/ip6tables-save ip6tables-save /usr/sbin/ip6tables-legacy-save
update-alternatives 2024-12-05 02:15:46: link group ip6tables updated to point to /usr/sbin/ip6tables-legacy
update-alternatives 2024-12-05 02:15:46: run with --install /usr/sbin/iptables iptables /usr/sbin/iptables-nft 10 --slave /usr/sbin/iptables-restore iptables-restore /usr/sbin/iptables-nft-restore --slave /usr/sbin/iptables-save iptables-save /usr/sbin/iptables-nft-save
update-alternatives 2024-12-05 02:15:46: run with --install /usr/sbin/ip6tables ip6tables /usr/sbin/ip6tables-nft 10 --slave /usr/sbin/ip6tables-restore ip6tables-restore /usr/sbin/ip6tables-nft-restore --slave /usr/sbin/ip6tables-save ip6tables-save /usr/sbin/ip6tables-nft-save
update-alternatives 2024-12-05 02:15:46: run with --install /usr/sbin/arptables arptables /usr/sbin/arptables-nft 10 --slave /usr/sbin/arptables-restore arptables-restore /usr/sbin/arptables-nft-restore --slave /usr/sbin/arptables-save arptables-save /usr/sbin/arptables-nft-save
update-alternatives 2024-12-05 02:15:46: link group arptables updated to point to /usr/sbin/arptables-nft
update-alternatives 2024-12-05 02:15:46: run with --install /usr/sbin/ebtables ebtables /usr/sbin/ebtables-nft 10 --slave /usr/sbin/ebtables-restore ebtables-restore /usr/sbin/ebtables-nft-restore --slave /usr/sbin/ebtables-save ebtables-save /usr/sbin/ebtables-nft-save
update-alternatives 2024-12-05 02:15:46: link group ebtables updated to point to /usr/sbin/ebtables-nft
